<?xml version="1.0" encoding="UTF-8"?>
<coverage generated="1632933931">
  <project timestamp="1632933931">
    <package name="CommentPreview\Inc">
      <file name="/var/www/app/inc/classes/class-comment-preview.php">
        <class name="CommentPreview\Inc\Comment_Preview" namespace="CommentPreview\Inc" fullPackage="CommentPreview" package="CommentPreview">
          <metrics complexity="17" methods="8" coveredmethods="8" conditionals="0" coveredconditionals="0" statements="58" coveredstatements="58" elements="66" coveredelements="66"/>
        </class>
        <line num="20" type="method" name="__construct" visibility="public" complexity="1" crap="1" count="10"/>
        <line num="22" type="stmt" count="10"/>
        <line num="28" type="method" name="_setup_hooks" visibility="protected" complexity="1" crap="1" count="10"/>
        <line num="30" type="stmt" count="10"/>
        <line num="32" type="stmt" count="10"/>
        <line num="34" type="stmt" count="10"/>
        <line num="36" type="stmt" count="10"/>
        <line num="38" type="stmt" count="10"/>
        <line num="44" type="method" name="enqueue_scripts" visibility="public" complexity="2" crap="2" count="3"/>
        <line num="51" type="stmt" count="3"/>
        <line num="53" type="stmt" count="3"/>
        <line num="55" type="stmt" count="2"/>
        <line num="56" type="stmt" count="2"/>
        <line num="57" type="stmt" count="2"/>
        <line num="58" type="stmt" count="2"/>
        <line num="59" type="stmt" count="2"/>
        <line num="60" type="stmt" count="2"/>
        <line num="63" type="stmt" count="2"/>
        <line num="64" type="stmt" count="2"/>
        <line num="65" type="stmt" count="2"/>
        <line num="67" type="stmt" count="2"/>
        <line num="68" type="stmt" count="2"/>
        <line num="72" type="stmt" count="2"/>
        <line num="83" type="method" name="comment_form_fields" visibility="public" complexity="2" crap="2" count="1"/>
        <line num="85" type="stmt" count="1"/>
        <line num="88" type="stmt" count="1"/>
        <line num="91" type="stmt" count="1"/>
        <line num="93" type="stmt" count="1"/>
        <line num="95" type="stmt" count="1"/>
        <line num="97" type="stmt" count="1"/>
        <line num="100" type="stmt" count="1"/>
        <line num="111" type="method" name="append_markdown_option" visibility="public" complexity="1" crap="1" count="1"/>
        <line num="113" type="stmt" count="1"/>
        <line num="116" type="stmt" count="1"/>
        <line num="119" type="stmt" count="1"/>
        <line num="121" type="stmt" count="1"/>
        <line num="131" type="method" name="append_preview_button" visibility="public" complexity="1" crap="1" count="1"/>
        <line num="133" type="stmt" count="1"/>
        <line num="134" type="stmt" count="1"/>
        <line num="135" type="stmt" count="1"/>
        <line num="138" type="stmt" count="1"/>
        <line num="144" type="method" name="register_rest_route" visibility="public" complexity="1" crap="1" count="10"/>
        <line num="146" type="stmt" count="10"/>
        <line num="147" type="stmt" count="10"/>
        <line num="148" type="stmt" count="10"/>
        <line num="150" type="stmt" count="10"/>
        <line num="151" type="stmt" count="10"/>
        <line num="152" type="stmt" count="10"/>
        <line num="164" type="method" name="generate_preview" visibility="public" complexity="8" crap="8" count="2"/>
        <line num="166" type="stmt" count="2"/>
        <line num="168" type="stmt" count="2"/>
        <line num="169" type="stmt" count="2"/>
        <line num="172" type="stmt" count="2"/>
        <line num="174" type="stmt" count="2"/>
        <line num="176" type="stmt" count="1"/>
        <line num="178" type="stmt" count="1"/>
        <line num="180" type="stmt" count="1"/>
        <line num="184" type="stmt" count="2"/>
        <line num="186" type="stmt" count="2"/>
        <line num="188" type="stmt" count="2"/>
        <line num="189" type="stmt" count="2"/>
        <line num="190" type="stmt" count="1"/>
        <line num="192" type="stmt" count="2"/>
        <line num="195" type="stmt" count="1"/>
        <line num="198" type="stmt" count="2"/>
        <line num="200" type="stmt" count="2"/>
        <metrics loc="203" ncloc="139" classes="1" methods="8" coveredmethods="8" conditionals="0" coveredconditionals="0" statements="58" coveredstatements="58" elements="66" coveredelements="66"/>
      </file>
    </package>
    <metrics files="1" loc="203" ncloc="139" classes="1" methods="8" coveredmethods="8" conditionals="0" coveredconditionals="0" statements="58" coveredstatements="58" elements="66" coveredelements="66"/>
  </project>
</coverage>
